<?xml version="1.0" encoding="UTF-8"?>
<testsuite xmlns:xsi="http://www.w3.org/2001/XMLSchema-instance" xsi:noNamespaceSchemaLocation="https://maven.apache.org/surefire/maven-surefire-plugin/xsd/surefire-test-report.xsd" version="3.0.2" name="TestSuite" time="7.115" tests="1" errors="0" skipped="0" failures="0">
  <properties>
    <property name="java.specification.version" value="22"/>
    <property name="sun.cpu.isalist" value="amd64"/>
    <property name="sun.jnu.encoding" value="Cp1252"/>
    <property name="java.class.path" value="D:\Gitclone\apitestautoesimjon\target\test-classes;D:\Gitclone\apitestautoesimjon\target\classes;C:\Users\Jon Paulo\.m2\repository\io\rest-assured\rest-assured\5.5.0\rest-assured-5.5.0.jar;C:\Users\Jon Paulo\.m2\repository\org\apache\groovy\groovy\4.0.22\groovy-4.0.22.jar;C:\Users\Jon Paulo\.m2\repository\org\apache\groovy\groovy-xml\4.0.22\groovy-xml-4.0.22.jar;C:\Users\Jon Paulo\.m2\repository\org\apache\httpcomponents\httpclient\4.5.13\httpclient-4.5.13.jar;C:\Users\Jon Paulo\.m2\repository\org\apache\httpcomponents\httpcore\4.4.13\httpcore-4.4.13.jar;C:\Users\Jon Paulo\.m2\repository\commons-logging\commons-logging\1.2\commons-logging-1.2.jar;C:\Users\Jon Paulo\.m2\repository\commons-codec\commons-codec\1.11\commons-codec-1.11.jar;C:\Users\Jon Paulo\.m2\repository\org\apache\httpcomponents\httpmime\4.5.13\httpmime-4.5.13.jar;C:\Users\Jon Paulo\.m2\repository\org\hamcrest\hamcrest\2.2\hamcrest-2.2.jar;C:\Users\Jon Paulo\.m2\repository\org\ccil\cowan\tagsoup\tagsoup\1.2.1\tagsoup-1.2.1.jar;C:\Users\Jon Paulo\.m2\repository\io\rest-assured\json-path\5.5.0\json-path-5.5.0.jar;C:\Users\Jon Paulo\.m2\repository\org\apache\groovy\groovy-json\4.0.22\groovy-json-4.0.22.jar;C:\Users\Jon Paulo\.m2\repository\io\rest-assured\rest-assured-common\5.5.0\rest-assured-common-5.5.0.jar;C:\Users\Jon Paulo\.m2\repository\io\rest-assured\xml-path\5.5.0\xml-path-5.5.0.jar;C:\Users\Jon Paulo\.m2\repository\org\apache\commons\commons-lang3\3.11\commons-lang3-3.11.jar;C:\Users\Jon Paulo\.m2\repository\org\testng\testng\7.10.2\testng-7.10.2.jar;C:\Users\Jon Paulo\.m2\repository\org\slf4j\slf4j-api\1.7.36\slf4j-api-1.7.36.jar;C:\Users\Jon Paulo\.m2\repository\com\beust\jcommander\1.82\jcommander-1.82.jar;C:\Users\Jon Paulo\.m2\repository\org\webjars\jquery\3.7.1\jquery-3.7.1.jar;C:\Users\Jon Paulo\.m2\repository\com\jayway\jsonpath\json-path\2.9.0\json-path-2.9.0.jar;C:\Users\Jon Paulo\.m2\repository\net\minidev\json-smart\2.5.0\json-smart-2.5.0.jar;C:\Users\Jon Paulo\.m2\repository\net\minidev\accessors-smart\2.5.0\accessors-smart-2.5.0.jar;C:\Users\Jon Paulo\.m2\repository\org\ow2\asm\asm\9.3\asm-9.3.jar;C:\Users\Jon Paulo\.m2\repository\org\json\json\20240303\json-20240303.jar;C:\Users\Jon Paulo\.m2\repository\com\google\code\gson\gson\2.11.0\gson-2.11.0.jar;C:\Users\Jon Paulo\.m2\repository\com\google\errorprone\error_prone_annotations\2.27.0\error_prone_annotations-2.27.0.jar;C:\Users\Jon Paulo\.m2\repository\com\fasterxml\jackson\core\jackson-core\2.17.2\jackson-core-2.17.2.jar;C:\Users\Jon Paulo\.m2\repository\com\fasterxml\jackson\core\jackson-databind\2.17.2\jackson-databind-2.17.2.jar;C:\Users\Jon Paulo\.m2\repository\com\fasterxml\jackson\core\jackson-annotations\2.17.2\jackson-annotations-2.17.2.jar;"/>
    <property name="java.vm.vendor" value="Oracle Corporation"/>
    <property name="sun.arch.data.model" value="64"/>
    <property name="user.variant" value=""/>
    <property name="java.vendor.url" value="https://java.oracle.com/"/>
    <property name="user.timezone" value="Europe/Berlin"/>
    <property name="os.name" value="Windows 10"/>
    <property name="java.vm.specification.version" value="22"/>
    <property name="sun.java.launcher" value="SUN_STANDARD"/>
    <property name="user.country" value="US"/>
    <property name="sun.boot.library.path" value="C:\Program Files\Java\jdk-22\bin"/>
    <property name="sun.java.command" value="C:\Users\Jon Paulo\AppData\Local\Temp\surefire11808525691597680089\surefirebooter-20240801194204048_3.jar C:\Users\Jon Paulo\AppData\Local\Temp\surefire11808525691597680089 2024-08-01T19-42-03_907-jvmRun1 surefire-20240801194204048_1tmp surefire_0-20240801194204048_2tmp"/>
    <property name="jdk.debug" value="release"/>
    <property name="surefire.test.class.path" value="D:\Gitclone\apitestautoesimjon\target\test-classes;D:\Gitclone\apitestautoesimjon\target\classes;C:\Users\Jon Paulo\.m2\repository\io\rest-assured\rest-assured\5.5.0\rest-assured-5.5.0.jar;C:\Users\Jon Paulo\.m2\repository\org\apache\groovy\groovy\4.0.22\groovy-4.0.22.jar;C:\Users\Jon Paulo\.m2\repository\org\apache\groovy\groovy-xml\4.0.22\groovy-xml-4.0.22.jar;C:\Users\Jon Paulo\.m2\repository\org\apache\httpcomponents\httpclient\4.5.13\httpclient-4.5.13.jar;C:\Users\Jon Paulo\.m2\repository\org\apache\httpcomponents\httpcore\4.4.13\httpcore-4.4.13.jar;C:\Users\Jon Paulo\.m2\repository\commons-logging\commons-logging\1.2\commons-logging-1.2.jar;C:\Users\Jon Paulo\.m2\repository\commons-codec\commons-codec\1.11\commons-codec-1.11.jar;C:\Users\Jon Paulo\.m2\repository\org\apache\httpcomponents\httpmime\4.5.13\httpmime-4.5.13.jar;C:\Users\Jon Paulo\.m2\repository\org\hamcrest\hamcrest\2.2\hamcrest-2.2.jar;C:\Users\Jon Paulo\.m2\repository\org\ccil\cowan\tagsoup\tagsoup\1.2.1\tagsoup-1.2.1.jar;C:\Users\Jon Paulo\.m2\repository\io\rest-assured\json-path\5.5.0\json-path-5.5.0.jar;C:\Users\Jon Paulo\.m2\repository\org\apache\groovy\groovy-json\4.0.22\groovy-json-4.0.22.jar;C:\Users\Jon Paulo\.m2\repository\io\rest-assured\rest-assured-common\5.5.0\rest-assured-common-5.5.0.jar;C:\Users\Jon Paulo\.m2\repository\io\rest-assured\xml-path\5.5.0\xml-path-5.5.0.jar;C:\Users\Jon Paulo\.m2\repository\org\apache\commons\commons-lang3\3.11\commons-lang3-3.11.jar;C:\Users\Jon Paulo\.m2\repository\org\testng\testng\7.10.2\testng-7.10.2.jar;C:\Users\Jon Paulo\.m2\repository\org\slf4j\slf4j-api\1.7.36\slf4j-api-1.7.36.jar;C:\Users\Jon Paulo\.m2\repository\com\beust\jcommander\1.82\jcommander-1.82.jar;C:\Users\Jon Paulo\.m2\repository\org\webjars\jquery\3.7.1\jquery-3.7.1.jar;C:\Users\Jon Paulo\.m2\repository\com\jayway\jsonpath\json-path\2.9.0\json-path-2.9.0.jar;C:\Users\Jon Paulo\.m2\repository\net\minidev\json-smart\2.5.0\json-smart-2.5.0.jar;C:\Users\Jon Paulo\.m2\repository\net\minidev\accessors-smart\2.5.0\accessors-smart-2.5.0.jar;C:\Users\Jon Paulo\.m2\repository\org\ow2\asm\asm\9.3\asm-9.3.jar;C:\Users\Jon Paulo\.m2\repository\org\json\json\20240303\json-20240303.jar;C:\Users\Jon Paulo\.m2\repository\com\google\code\gson\gson\2.11.0\gson-2.11.0.jar;C:\Users\Jon Paulo\.m2\repository\com\google\errorprone\error_prone_annotations\2.27.0\error_prone_annotations-2.27.0.jar;C:\Users\Jon Paulo\.m2\repository\com\fasterxml\jackson\core\jackson-core\2.17.2\jackson-core-2.17.2.jar;C:\Users\Jon Paulo\.m2\repository\com\fasterxml\jackson\core\jackson-databind\2.17.2\jackson-databind-2.17.2.jar;C:\Users\Jon Paulo\.m2\repository\com\fasterxml\jackson\core\jackson-annotations\2.17.2\jackson-annotations-2.17.2.jar;"/>
    <property name="sun.cpu.endian" value="little"/>
    <property name="user.home" value="C:\Users\Jon Paulo"/>
    <property name="user.language" value="en"/>
    <property name="java.specification.vendor" value="Oracle Corporation"/>
    <property name="java.version.date" value="2024-07-16"/>
    <property name="java.home" value="C:\Program Files\Java\jdk-22"/>
    <property name="file.separator" value="\"/>
    <property name="basedir" value="D:\Gitclone\apitestautoesimjon"/>
    <property name="java.vm.compressedOopsMode" value="Zero based"/>
    <property name="line.separator" value="&#10;"/>
    <property name="java.vm.specification.vendor" value="Oracle Corporation"/>
    <property name="java.specification.name" value="Java Platform API Specification"/>
    <property name="surefire.real.class.path" value="C:\Users\Jon Paulo\AppData\Local\Temp\surefire11808525691597680089\surefirebooter-20240801194204048_3.jar"/>
    <property name="user.script" value=""/>
    <property name="sun.management.compiler" value="HotSpot 64-Bit Tiered Compilers"/>
    <property name="java.runtime.version" value="22.0.2+9-70"/>
    <property name="user.name" value="Jon Paulo"/>
    <property name="stdout.encoding" value="Cp1252"/>
    <property name="path.separator" value=";"/>
    <property name="os.version" value="10.0"/>
    <property name="java.runtime.name" value="Java(TM) SE Runtime Environment"/>
    <property name="file.encoding" value="UTF-8"/>
    <property name="java.vm.name" value="Java HotSpot(TM) 64-Bit Server VM"/>
    <property name="localRepository" value="C:\Users\Jon Paulo\.m2\repository"/>
    <property name="java.vendor.url.bug" value="https://bugreport.java.com/bugreport/"/>
    <property name="java.io.tmpdir" value="C:\Users\JONPAU~1\AppData\Local\Temp\"/>
    <property name="java.version" value="22.0.2"/>
    <property name="user.dir" value="D:\Gitclone\apitestautoesimjon"/>
    <property name="os.arch" value="amd64"/>
    <property name="java.vm.specification.name" value="Java Virtual Machine Specification"/>
    <property name="sun.os.patch.level" value=""/>
    <property name="native.encoding" value="Cp1252"/>
    <property name="java.library.path" value="C:\Program Files\Java\jdk-22\bin;C:\Windows\Sun\Java\bin;C:\Windows\system32;C:\Windows;C:\Program Files\Common Files\Oracle\Java\javapath;C:\Program Files (x86)\Common Files\Oracle\Java\javapath;C:\Windows\system32;C:\Windows;C:\Windows\System32\Wbem;C:\Windows\System32\WindowsPowerShell\v1.0\;C:\Windows\System32\OpenSSH\;C:\Program Files (x86)\NVIDIA Corporation\PhysX\Common;C:\Program Files\nodejs\;C:\Program Files\Git\cmd;C:\Program Files\Java\jdk-22\bin;C:\Program Files\apache-maven-3.9.8\bin;C:\Users\Jon Paulo\AppData\Local\Microsoft\WindowsApps;C:\Users\Jon Paulo\AppData\Local\Programs\Microsoft VS Code\bin;C:\Users\Jon Paulo\AppData\Roaming\npm;C:\Program Files\Java\jdk-22\bin;;."/>
    <property name="java.vm.info" value="mixed mode, sharing"/>
    <property name="stderr.encoding" value="Cp1252"/>
    <property name="java.vendor" value="Oracle Corporation"/>
    <property name="java.vm.version" value="22.0.2+9-70"/>
    <property name="sun.io.unicode.encoding" value="UnicodeLittle"/>
    <property name="java.class.version" value="66.0"/>
  </properties>
  <testcase name="testOrderESIMsAndVerifyDetails[change-7days-1gb, sim, 1 gb, 3, 4.5, Usd, example description](1)" classname="api.tests.ApiTests" time="4.464">
    <system-out><![CDATA[Post Submit Order Response Status Code: 200
Orderid: 100956, packageId: change-7days-1gb, Type: sim, Data: 1 GB, Quantity: 3, Price: 4.5, Currency: USD
Expected IDs: [144384, 144385, 144386]
Expected ICCID: [893000000000075817, 893000000000075818, 893000000000075819]
Get ESIMs List Response Status Code: 200
ESIMs List of IDs: [144386, 144385, 144384, 144383, 144382, 144381, 144366, 144365, 144364, 144363, 144362, 144361, 144360, 144359, 144358, 144357, 144356, 144355, 144354, 144353, 144352, 144351, 144350, 144349, 144348]
ESIMs List of ICCIDs: [893000000000075819, 893000000000075818, 893000000000075817, 893000000000075816, 893000000000075815, 893000000000075814, 893000000000075799, 893000000000075798, 893000000000075797, 893000000000075796, 893000000000075795, 893000000000075794, 893000000000075793, 893000000000075792, 893000000000075791, 893000000000075790, 893000000000075789, 893000000000075788, 893000000000075787, 893000000000075786, 893000000000075785, 893000000000075784, 893000000000075783, 893000000000075782, 893000000000075781]
IDs Check: true, List contains all eSIMs in the order
ICCIDs Check: true, List contains all eSIMs in the order
Get ESIM Package History Response Status Code: 200
ICCID: 893000000000075817, packageId: change-7days-1gb, Type: sim, Data: 1 GB
Get ESIM Package History Response Status Code: 200
ICCID: 893000000000075818, packageId: change-7days-1gb, Type: sim, Data: 1 GB
Get ESIM Package History Response Status Code: 200
ICCID: 893000000000075819, packageId: change-7days-1gb, Type: sim, Data: 1 GB
]]></system-out>
    <system-err><![CDATA[SLF4J: Failed to load class "org.slf4j.impl.StaticLoggerBinder".
SLF4J: Defaulting to no-operation (NOP) logger implementation
SLF4J: See http://www.slf4j.org/codes.html#StaticLoggerBinder for further details.
]]></system-err>
  </testcase>
</testsuite>