<?xml version="1.0" encoding="UTF-8"?>
<!-- Generated by org.testng.reporters.JUnitReportReporter -->
<testsuite hostname="LAPTOP-UNFKF07O" failures="0" tests="1" name="api.tests.ApiTests" time="4.458" errors="0" timestamp="2024-08-01T19:42:11 CEST" skipped="0">
  <testcase classname="api.tests.ApiTests" name="testOrderESIMsAndVerifyDetails" time="4.458"/>
</testsuite> <!-- api.tests.ApiTests -->
