<?xml version="1.0" encoding="UTF-8"?>
<!-- Generated by org.testng.reporters.JUnitReportReporter -->
<testsuite hostname="LAPTOP-UNFKF07O" failures="0" tests="1" name="api.tests.ApiTests" time="5.456" errors="0" timestamp="2024-08-01T17:30:29 CEST" skipped="0">
  <testcase classname="api.tests.ApiTests" name="testOrderESIMsAndVerifyDetails" time="5.456"/>
</testsuite> <!-- api.tests.ApiTests -->
